<?xml version="1.0" encoding="UTF-8"?>
<testsuite xmlns:xsi="http://www.w3.org/2001/XMLSchema-instance" xsi:noNamespaceSchemaLocation="https://maven.apache.org/surefire/maven-surefire-plugin/xsd/surefire-test-report-3.0.xsd" version="3.0" name="com.mycompany.chatapp.MessageTest" time="0.163" tests="10" errors="0" skipped="0" failures="2">
  <properties>
[...]
</properties>
  <testcase name="testSetMaxMessages" classname="com.mycompany.chatapp.MessageTest" time="0.032"/>
  <testcase name="testMessageIDCreated" classname="com.mycompany.chatapp.MessageTest" time="0.021">
    <failure message="expected: &lt;Message ID should be 10 digits&gt; but was: &lt;true&gt;" type="org.opentest4j.AssertionFailedError"><![CDATA[org.opentest4j.AssertionFailedError: expected: <Message ID should be 10 digits> but was: <true>
	at org.junit.jupiter.api.AssertionFailureBuilder.build(AssertionFailureBuilder.java:151)
	at org.junit.jupiter.api.AssertionFailureBuilder.buildAndThrow(AssertionFailureBuilder.java:132)
	at org.junit.jupiter.api.AssertEquals.failNotEqual(AssertEquals.java:197)
	at org.junit.jupiter.api.AssertEquals.assertEquals(AssertEquals.java:182)
	at org.junit.jupiter.api.AssertEquals.assertEquals(AssertEquals.java:177)
	at org.junit.jupiter.api.Assertions.assertEquals(Assertions.java:1145)
	at com.mycompany.chatapp.MessageTest.testMessageIDCreated(MessageTest.java:91)
	at java.base/java.lang.reflect.Method.invoke(Method.java:565)
	at java.base/java.util.ArrayList.forEach(ArrayList.java:1604)
	at java.base/java.util.ArrayList.forEach(ArrayList.java:1604)
]]></failure>
  </testcase>
  <testcase name="testRecipientValid" classname="com.mycompany.chatapp.MessageTest" time="0.006"/>
  <testcase name="testMessageLengthSuccess" classname="com.mycompany.chatapp.MessageTest" time="0.003"/>
  <testcase name="testStoreMessageOption" classname="com.mycompany.chatapp.MessageTest" time="0.008">
    <system-out><![CDATA[Messages saved to messages.json
]]></system-out>
  </testcase>
  <testcase name="testMessageHashCorrect" classname="com.mycompany.chatapp.MessageTest" time="0.006">
    <failure message="expected: &lt;Hash should end with HITONIGHT&gt; but was: &lt;false&gt;" type="org.opentest4j.AssertionFailedError"><![CDATA[org.opentest4j.AssertionFailedError: expected: <Hash should end with HITONIGHT> but was: <false>
	at org.junit.jupiter.api.AssertionFailureBuilder.build(AssertionFailureBuilder.java:151)
	at org.junit.jupiter.api.AssertionFailureBuilder.buildAndThrow(AssertionFailureBuilder.java:132)
	at org.junit.jupiter.api.AssertEquals.failNotEqual(AssertEquals.java:197)
	at org.junit.jupiter.api.AssertEquals.assertEquals(AssertEquals.java:182)
	at org.junit.jupiter.api.AssertEquals.assertEquals(AssertEquals.java:177)
	at org.junit.jupiter.api.Assertions.assertEquals(Assertions.java:1145)
	at com.mycompany.chatapp.MessageTest.testMessageHashCorrect(MessageTest.java:62)
	at java.base/java.lang.reflect.Method.invoke(Method.java:565)
	at java.base/java.util.ArrayList.forEach(ArrayList.java:1604)
	at java.base/java.util.ArrayList.forEach(ArrayList.java:1604)
]]></failure>
  </testcase>
  <testcase name="testRecipientInvalid" classname="com.mycompany.chatapp.MessageTest" time="0.002"/>
  <testcase name="testMessageLengthFailure" classname="com.mycompany.chatapp.MessageTest" time="0.003"/>
  <testcase name="testSendMessageOption" classname="com.mycompany.chatapp.MessageTest" time="0.001"/>
  <testcase name="testDiscardMessageOption" classname="com.mycompany.chatapp.MessageTest" time="0.002"/>
</testsuite>